<?xml version="1.0" encoding="UTF-8"?>
<!-- Generated by org.testng.reporters.JUnitXMLReporter -->
<testsuite ignored="2" hostname="Kawsars-MBP" failures="0" tests="3" name="QA Click Academy Test" time="50.422" errors="0" timestamp="18 Dec 2020 03:47:19 GMT">
  <testcase classname="qa.click.academy.tests.LandingPageTest" name="testLandingPage" time="2.829"/>
  <testcase classname="qa.click.academy.tests.LoginPageTest" name="testLoginPae" time="3.24"/>
  <testcase classname="qa.click.academy.tests.LoginPageTest" name="testLoginPae" time="2.056"/>
  <testcase classname="base.BaseApi" name="@AfterTest stopReport" time="0.0">
    <ignored/>
  </testcase> <!-- @AfterTest stopReport -->
  <testcase classname="base.BaseApi" name="@BeforeTest createReport" time="0.0">
    <ignored/>
  </testcase> <!-- @BeforeTest createReport -->
</testsuite> <!-- QA Click Academy Test -->
