<?xml version="1.0" encoding="UTF-8"?>
<!-- Generated by org.testng.reporters.JUnitXMLReporter -->
<testsuite ignored="0" hostname="Kawsars-MBP" failures="0" tests="13" name="Surefire test" time="139.682" errors="0" timestamp="08 Dec 2020 07:00:59 GMT">
  <testcase classname="basic.selenium.DynamicDropdownAndHandlingCalenderTest" name="testDynamicDropdown" time="13.87"/>
  <testcase classname="basic.selenium.TableExerciseTest" name="testTableGrid" time="3.327"/>
  <testcase classname="basic.selenium.FramesTest" name="testFrames" time="4.934"/>
  <testcase classname="basic.selenium.LinksTest" name="testScope" time="15.466"/>
  <testcase classname="basic.selenium.DropdownAndCheckboxTest" name="testUpdatedDropdown" time="19.712"/>
  <testcase classname="basic.selenium.DemoTest" name="testLocators" time="6.189"/>
  <testcase classname="basic.selenium.DropdownTest" name="testDropdown" time="8.879"/>
  <testcase classname="basic.selenium.JavaScriptExecutorTest" name="javaScriptExecutor" time="15.43"/>
  <testcase classname="basic.selenium.E2ETestTest" name="EndToEnd" time="19.03"/>
  <testcase classname="basic.selenium.MultipleWindowsHandleTest" name="testMultipleWindows" time="5.904"/>
  <testcase classname="basic.selenium.HandleJavaScriptAlertTest" name="EndToEnd" time="11.808"/>
  <testcase classname="basic.selenium.SalesForceTest" name="testLocators" time="6.32"/>
  <testcase classname="basic.selenium.AutoSuggestionDropdownTest" name="testAutoSuggestionDropdown" time="8.778"/>
</testsuite> <!-- Surefire test -->
